android/app/build/outputs/logs/manifest-merger-debug-report.txt
-- Merging decision tree log ---
manifest
ADDED from src\main\AndroidManifest.xml:2:1-81:12
	package
		ADDED from src\main\AndroidManifest.xml:3:5-51
		INJECTED from src\main\AndroidManifest.xml
		INJECTED from src\main\AndroidManifest.xml
	android:versionName
		INJECTED from src\main\AndroidManifest.xml
		INJECTED from src\main\AndroidManifest.xml
	xmlns:android
		ADDED from src\main\AndroidManifest.xml:2:11-69
	android:versionCode
		INJECTED from src\main\AndroidManifest.xml
		INJECTED from src\main\AndroidManifest.xml
uses-permission#android.permission.READ_EXTERNAL_STORAGE
ADDED from src\main\AndroidManifest.xml:5:5-80
	android:name
		ADDED from src\main\AndroidManifest.xml:5:22-77
uses-permission#android.permission.INTERNET
ADDED from src\main\AndroidManifest.xml:6:5-67
	android:name
		ADDED from src\main\AndroidManifest.xml:6:22-64
application
ADDED from src\main\AndroidManifest.xml:8:5-79:19
MERGED from [com.android.support:appcompat-v7:23.1.1] AndroidManifest.xml:22:5-20
MERGED from [com.android.support:support-v4:23.1.1] AndroidManifest.xml:22:5-20
MERGED from [com.android.support:design:23.1.1] AndroidManifest.xml:22:5-20
MERGED from [com.android.support:appcompat-v7:23.1.1] AndroidManifest.xml:22:5-20
MERGED from [com.android.support:support-v4:23.1.1] AndroidManifest.xml:22:5-20
MERGED from [com.android.support:support-v4:23.1.1] AndroidManifest.xml:22:5-20
MERGED from [com.android.support:support-v4:23.1.1] AndroidManifest.xml:22:5-20
	android:label
		ADDED from src\main\AndroidManifest.xml:11:9-41
	android:supportsRtl
		ADDED from src\main\AndroidManifest.xml:12:9-35
	android:allowBackup
		ADDED from src\main\AndroidManifest.xml:9:9-35
	android:icon
		ADDED from src\main\AndroidManifest.xml:10:9-37
	android:theme
		ADDED from src\main\AndroidManifest.xml:13:9-40
activity#com.example.tenantsproject.flatmates.main_list.list.MainActivity
ADDED from src\main\AndroidManifest.xml:14:9-65
	android:name
		ADDED from src\main\AndroidManifest.xml:14:19-62
activity#com.example.tenantsproject.flatmates.main_list.list.Add
ADDED from src\main\AndroidManifest.xml:15:9-17:57
	android:theme
		ADDED from src\main\AndroidManifest.xml:17:13-54
	android:name
		ADDED from src\main\AndroidManifest.xml:16:13-47
activity#com.example.tenantsproject.flatmates.main_list.list.SecondActivity
ADDED from src\main\AndroidManifest.xml:18:9-21:59
	android:label
		ADDED from src\main\AndroidManifest.xml:20:13-57
	android:theme
		ADDED from src\main\AndroidManifest.xml:21:13-56
	android:name
		ADDED from src\main\AndroidManifest.xml:19:13-58
activity#com.example.tenantsproject.flatmates.main_list.list.MainList
ADDED from src\main\AndroidManifest.xml:22:9-24:57
	android:theme
		ADDED from src\main\AndroidManifest.xml:24:13-54
	android:name
		ADDED from src\main\AndroidManifest.xml:23:13-52
activity#com.example.tenantsproject.flatmates.main_list.list.BuyNowClick
ADDED from src\main\AndroidManifest.xml:25:9-27:57
	android:theme
		ADDED from src\main\AndroidManifest.xml:27:13-54
	android:name
		ADDED from src\main\AndroidManifest.xml:26:13-55
activity#com.example.tenantsproject.flatmates.main_list.list.MyList
ADDED from src\main\AndroidManifest.xml:28:9-30:57
	android:theme
		ADDED from src\main\AndroidManifest.xml:30:13-54
	android:name
		ADDED from src\main\AndroidManifest.xml:29:13-50
activity#com.example.tenantsproject.flatmates.archive.list.MyArchiveList
ADDED from src\main\AndroidManifest.xml:31:9-33:57
	android:theme
		ADDED from src\main\AndroidManifest.xml:33:13-54
	android:name
		ADDED from src\main\AndroidManifest.xml:32:13-55
activity#com.example.tenantsproject.flatmates.archive.list.Archives
ADDED from src\main\AndroidManifest.xml:34:9-59
	android:name
		ADDED from src\main\AndroidManifest.xml:34:19-56
activity#com.example.tenantsproject.flatmates.archive.list.MyArchiveListMenu
ADDED from src\main\AndroidManifest.xml:35:9-37:57
	android:theme
		ADDED from src\main\AndroidManifest.xml:37:13-54
	android:name
		ADDED from src\main\AndroidManifest.xml:36:13-59
activity#com.example.tenantsproject.flatmates.login.Login
ADDED from src\main\AndroidManifest.xml:38:9-39:20
	android:name
		ADDED from src\main\AndroidManifest.xml:38:19-46
activity#com.example.tenantsproject.flatmates.login.Register
ADDED from src\main\AndroidManifest.xml:40:9-52
	android:name
		ADDED from src\main\AndroidManifest.xml:40:19-49
activity#com.example.tenantsproject.flatmates.login.Login_flat
ADDED from src\main\AndroidManifest.xml:41:9-54
	android:name
		ADDED from src\main\AndroidManifest.xml:41:19-51
activity#com.example.tenantsproject.flatmates.login.Opening
ADDED from src\main\AndroidManifest.xml:42:9-48:20
	android:name
		ADDED from src\main\AndroidManifest.xml:42:19-48
intent-filter#android.intent.action.MAIN+android.intent.category.LAUNCHER
ADDED from src\main\AndroidManifest.xml:43:13-47:29
action#android.intent.action.MAIN
ADDED from src\main\AndroidManifest.xml:44:17-69
	android:name
		ADDED from src\main\AndroidManifest.xml:44:25-66
category#android.intent.category.LAUNCHER
ADDED from src\main\AndroidManifest.xml:46:17-77
	android:name
		ADDED from src\main\AndroidManifest.xml:46:27-74
activity#com.example.tenantsproject.flatmates.settings.others.Settings
ADDED from src\main\AndroidManifest.xml:49:9-51:57
	android:theme
		ADDED from src\main\AndroidManifest.xml:51:13-54
	android:name
		ADDED from src\main\AndroidManifest.xml:50:13-53
activity#com.example.tenantsproject.flatmates.settings.user.Password
ADDED from src\main\AndroidManifest.xml:52:9-54:57
	android:theme
		ADDED from src\main\AndroidManifest.xml:54:13-54
	android:name
		ADDED from src\main\AndroidManifest.xml:53:13-51
activity#com.example.tenantsproject.flatmates.flat.Flat
ADDED from src\main\AndroidManifest.xml:55:9-57:57
	android:theme
		ADDED from src\main\AndroidManifest.xml:57:13-54
	android:name
		ADDED from src\main\AndroidManifest.xml:56:13-38
activity#com.example.tenantsproject.flatmates.flat.AddFlat
ADDED from src\main\AndroidManifest.xml:58:9-60:57
	android:theme
		ADDED from src\main\AndroidManifest.xml:60:13-54
	android:name
		ADDED from src\main\AndroidManifest.xml:59:13-41
activity#com.example.tenantsproject.flatmates.flat.EditFlat
ADDED from src\main\AndroidManifest.xml:61:9-51
	android:name
		ADDED from src\main\AndroidManifest.xml:61:19-48
activity#com.example.tenantsproject.flatmates.flat.ViewFlat
ADDED from src\main\AndroidManifest.xml:62:9-64:57
	android:theme
		ADDED from src\main\AndroidManifest.xml:64:13-54
	android:name
		ADDED from src\main\AndroidManifest.xml:63:13-42
activity#com.example.tenantsproject.flatmates.main_list.list.Information
ADDED from src\main\AndroidManifest.xml:65:9-67:57
	android:theme
		ADDED from src\main\AndroidManifest.xml:67:13-54
	android:name
		ADDED from src\main\AndroidManifest.xml:66:13-55
activity#com.example.tenantsproject.flatmates.settings.others.Statistics
ADDED from src\main\AndroidManifest.xml:68:9-70:57
	android:theme
		ADDED from src\main\AndroidManifest.xml:70:13-54
	android:name
		ADDED from src\main\AndroidManifest.xml:69:13-55
activity#com.example.tenantsproject.flatmates.settings.user.Account
ADDED from src\main\AndroidManifest.xml:71:9-72:20
	android:name
		ADDED from src\main\AndroidManifest.xml:71:19-56
activity#com.example.tenantsproject.flatmates.flat.SignToFlat
ADDED from src\main\AndroidManifest.xml:73:9-74:20
	android:name
		ADDED from src\main\AndroidManifest.xml:73:19-50
activity#com.example.tenantsproject.flatmates.login.Register_flat
ADDED from src\main\AndroidManifest.xml:75:9-76:20
	android:name
		ADDED from src\main\AndroidManifest.xml:75:19-54
activity#com.example.tenantsproject.flatmates.main_list.list.RowAdaperMyList
ADDED from src\main\AndroidManifest.xml:77:9-78:20
	android:name
		ADDED from src\main\AndroidManifest.xml:77:19-65
uses-sdk
INJECTED from src\main\AndroidManifest.xml reason: use-sdk injection requested
MERGED from [com.android.support:appcompat-v7:23.1.1] AndroidManifest.xml:20:5-43
MERGED from [com.android.support:support-v4:23.1.1] AndroidManifest.xml:20:5-43
MERGED from [com.android.support:design:23.1.1] AndroidManifest.xml:20:5-43
MERGED from [com.android.support:appcompat-v7:23.1.1] AndroidManifest.xml:20:5-43
MERGED from [com.android.support:support-v4:23.1.1] AndroidManifest.xml:20:5-43
MERGED from [com.android.support:recyclerview-v7:23.1.1] AndroidManifest.xml:20:5-43
MERGED from [com.android.support:support-v4:23.1.1] AndroidManifest.xml:20:5-43
MERGED from [com.android.support:support-v4:23.1.1] AndroidManifest.xml:20:5-43
	android:targetSdkVersion
		INJECTED from src\main\AndroidManifest.xml
		INJECTED from src\main\AndroidManifest.xml
	android:minSdkVersion
		INJECTED from src\main\AndroidManifest.xml
		INJECTED from src\main\AndroidManifest.xml